生成启动时间为 2016/1/2 15:09:27。
     1>项目“E:\time\time\time.vcxproj”在节点 2 上(build 个目标)。
     1>InitializeBuildStatus:
         正在创建“Debug\time.unsuccessfulbuild”，因为已指定“AlwaysCreate”。
       ClCompile:
         所有输出均为最新。
         所有输出均为最新。
       ResourceCompile:
         c:\Program Files (x86)\Microsoft SDKs\Windows\v7.0A\bin\rc.exe /D _DEBUG /D _UNICODE /D UNICODE /D _AFXDLL /l"0x0804" /IDebug\ /nologo /fo"Debug\time.res" time.rc 
       ManifestResourceCompile:
         所有输出均为最新。
       Link:
         c:\Users\lenovo\Desktop\新建文件夹 (2)\VC\bin\link.exe /ERRORREPORT:PROMPT /OUT:"E:\time\Debug\time.exe" /INCREMENTAL /NOLOGO /MANIFEST /ManifestFile:"Debug\time.exe.intermediate.manifest" /MANIFESTUAC:"level='asInvoker' uiAccess='false'" /DEBUG /PDB:"E:\time\Debug\time.pdb" /SUBSYSTEM:WINDOWS /TLBID:1 /ENTRY:"wWinMainCRTStartup" /DYNAMICBASE /NXCOMPAT /IMPLIB:"E:\time\Debug\time.lib" /MACHINE:X86 Debug\time.res
         Debug\time.exe.embed.manifest.res
         Debug\stdafx.obj
         Debug\time.obj
         Debug\timeDlg.obj
       Manifest:
         c:\Program Files (x86)\Microsoft SDKs\Windows\v7.0A\bin\mt.exe /nologo /verbose /out:"Debug\time.exe.embed.manifest" /manifest Debug\time.exe.intermediate.manifest "c:\Users\lenovo\Desktop\新建文件夹 (2)\VC\Include\Manifest\dpiaware.manifest"
         所有输出均为最新。
       LinkEmbedManifest:
         所有输出均为最新。
         time.vcxproj -> E:\time\Debug\time.exe
       FinalizeBuildStatus:
         正在删除文件“Debug\time.unsuccessfulbuild”。
         正在对“Debug\time.lastbuildstate”执行 Touch 任务。
     1>已完成生成项目“E:\time\time\time.vcxproj”(build 个目标)的操作。

生成成功。

已用时间 00:00:00.76
